<?xml version="1.0" encoding="UTF-8"?>
<!-- Generated by org.testng.reporters.JUnitXMLReporter -->
<testsuite ignored="6" hostname="lap_dnare" failures="0" tests="4" name="Inventory Flow Only" time="103.246" errors="0" timestamp="2026-02-20T10:21:08 IST">
  <testcase classname="Test.flowWiseTest.InventoryFlowTests" name="validatePurchaseOrderCreation" time="40.711"/>
  <testcase classname="Test.flowWiseTest.InventoryFlowTests" name="validateGRNCreation" time="22.352"/>
  <testcase classname="Test.flowWiseTest.InventoryFlowTests" name="validateGRNPosting" time="11.834"/>
  <testcase classname="Test.flowWiseTest.InventoryFlowTests" name="createPurchaseRutNote" time="26.104"/>
  <testcase classname="Test.flowWiseTest.InventoryFlowTests" name="executeFlowOfStockStatusRep" time="0.0">
    <ignored/>
  </testcase> <!-- executeFlowOfStockStatusRep -->
  <testcase classname="Test.flowWiseTest.InventoryFlowTests" name="executeFlowOfPurchaseOrderRep" time="0.0">
    <ignored/>
  </testcase> <!-- executeFlowOfPurchaseOrderRep -->
  <testcase classname="Test.flowWiseTest.InventoryFlowTests" name="validateAccPayableVoucherRep" time="0.0">
    <ignored/>
  </testcase> <!-- validateAccPayableVoucherRep -->
  <testcase classname="Test.flowWiseTest.InventoryFlowTests" name="executeFlowOfPRNPrintingRep" time="0.0">
    <ignored/>
  </testcase> <!-- executeFlowOfPRNPrintingRep -->
  <testcase classname="Test.flowWiseTest.InventoryFlowTests" name="executeFlowOfLedgerPrinting" time="0.0">
    <ignored/>
  </testcase> <!-- executeFlowOfLedgerPrinting -->
  <testcase classname="Test.flowWiseTest.InventoryFlowTests" name="executeFlowOfGRNPrintingRep" time="0.0">
    <ignored/>
  </testcase> <!-- executeFlowOfGRNPrintingRep -->
</testsuite> <!-- Inventory Flow Only -->
