<?xml version="1.0" encoding="UTF-8"?>
<!-- Generated by org.testng.reporters.JUnitXMLReporter -->
<testsuite ignored="8" hostname="lap_dnare" failures="0" tests="2" name="Inventory Flow Only" time="76.824" errors="0" timestamp="2026-02-10T17:50:23 IST">
  <testcase classname="Test.flowWiseTest.InventoryFlowTests" name="validatePurchaseOrderCreation" time="53.919"/>
  <testcase classname="Test.flowWiseTest.InventoryFlowTests" name="validateGRNCreation" time="21.059"/>
  <testcase classname="Test.flowWiseTest.InventoryFlowTests" name="validateGRNPosting" time="0.0">
    <ignored/>
  </testcase> <!-- validateGRNPosting -->
  <testcase classname="Test.flowWiseTest.InventoryFlowTests" name="executeFlowOfLedgerPrinting" time="0.0">
    <ignored/>
  </testcase> <!-- executeFlowOfLedgerPrinting -->
  <testcase classname="Test.flowWiseTest.InventoryFlowTests" name="validateAccPayableVoucherRep" time="0.0">
    <ignored/>
  </testcase> <!-- validateAccPayableVoucherRep -->
  <testcase classname="Test.flowWiseTest.InventoryFlowTests" name="executeFlowOfStockStatusRep" time="0.0">
    <ignored/>
  </testcase> <!-- executeFlowOfStockStatusRep -->
  <testcase classname="Test.flowWiseTest.InventoryFlowTests" name="executeFlowOfPurchaseOrderRep" time="0.0">
    <ignored/>
  </testcase> <!-- executeFlowOfPurchaseOrderRep -->
  <testcase classname="Test.flowWiseTest.InventoryFlowTests" name="executeFlowOfGRNPrintingRep" time="0.0">
    <ignored/>
  </testcase> <!-- executeFlowOfGRNPrintingRep -->
  <testcase classname="Test.flowWiseTest.InventoryFlowTests" name="createPurchaseRutNote" time="0.0">
    <ignored/>
  </testcase> <!-- createPurchaseRutNote -->
  <testcase classname="Test.flowWiseTest.InventoryFlowTests" name="executeFlowOfPRNPrintingRep" time="0.0">
    <ignored/>
  </testcase> <!-- executeFlowOfPRNPrintingRep -->
</testsuite> <!-- Inventory Flow Only -->
