<?xml version="1.0" encoding="UTF-8"?>
<!-- Generated by org.testng.reporters.JUnitXMLReporter -->
<testsuite ignored="7" hostname="lap_dnare" failures="0" tests="4" name="MultiSaleOrderTest" time="32.782" errors="0" timestamp="2026-01-12T08:58:14 IST">
  <testcase classname="Test.salesModuleTests.transTest.MultiSaleOrderTest" name="@BeforeClass objInti" time="31.131">
    <failure type="java.lang.RuntimeException" message="java.lang.RuntimeException: DB Connection failed">
      <![CDATA[java.lang.RuntimeException: java.lang.RuntimeException: DB Connection failed
at Test.salesModuleTests.transTest.MultiSaleOrderTest.objInti(MultiSaleOrderTest.java:64)
at java.base/java.util.ArrayList.forEach(ArrayList.java:1511)
Caused by: java.lang.RuntimeException: DB Connection failed
at utils.DatabaseUtility.connectToDatabase(DatabaseUtility.java:21)
at Test.salesModuleTests.transTest.MultiSaleOrderTest.objInti(MultiSaleOrderTest.java:57)
... 26 more
Caused by: com.mysql.cj.jdbc.exceptions.CommunicationsException: Communications link failure

The last packet sent successfully to the server was 0 milliseconds ago. The driver has not received any packets from the server.
at com.mysql.cj.jdbc.exceptions.SQLError.createCommunicationsException(SQLError.java:174)
at com.mysql.cj.jdbc.exceptions.SQLExceptionsMapping.translateException(SQLExceptionsMapping.java:64)
at com.mysql.cj.jdbc.ConnectionImpl.createNewIO(ConnectionImpl.java:828)
at com.mysql.cj.jdbc.ConnectionImpl.<init>(ConnectionImpl.java:448)
at com.mysql.cj.jdbc.ConnectionImpl.getInstance(ConnectionImpl.java:241)
at com.mysql.cj.jdbc.NonRegisteringDriver.connect(NonRegisteringDriver.java:198)
at java.sql/java.sql.DriverManager.getConnection(DriverManager.java:681)
at java.sql/java.sql.DriverManager.getConnection(DriverManager.java:229)
at utils.DatabaseUtility.connectToDatabase(DatabaseUtility.java:17)
... 27 more
Caused by: com.mysql.cj.exceptions.CJCommunicationsException: Communications link failure

The last packet sent successfully to the server was 0 milliseconds ago. The driver has not received any packets from the server.
at com.mysql.cj.exceptions.ExceptionFactory.createException(ExceptionFactory.java:61)
at com.mysql.cj.exceptions.ExceptionFactory.createException(ExceptionFactory.java:105)
at com.mysql.cj.exceptions.ExceptionFactory.createException(ExceptionFactory.java:151)
at com.mysql.cj.exceptions.ExceptionFactory.createCommunicationsException(ExceptionFactory.java:167)
at com.mysql.cj.protocol.a.NativeSocketConnection.connect(NativeSocketConnection.java:89)
at com.mysql.cj.NativeSession.connect(NativeSession.java:120)
at com.mysql.cj.jdbc.ConnectionImpl.connectOneTryOnly(ConnectionImpl.java:948)
at com.mysql.cj.jdbc.ConnectionImpl.createNewIO(ConnectionImpl.java:818)
... 33 more
Caused by: java.net.ConnectException: Connection timed out: connect
at java.base/sun.nio.ch.Net.connect0(Native Method)
at java.base/sun.nio.ch.Net.connect(Net.java:579)
at java.base/sun.nio.ch.Net.connect(Net.java:568)
at java.base/sun.nio.ch.NioSocketImpl.connect(NioSocketImpl.java:593)
at java.base/java.net.SocksSocketImpl.connect(SocksSocketImpl.java:327)
at java.base/java.net.Socket.connect(Socket.java:633)
at com.mysql.cj.protocol.StandardSocketFactory.connect(StandardSocketFactory.java:156)
at com.mysql.cj.protocol.a.NativeSocketConnection.connect(NativeSocketConnection.java:63)
... 36 more
... Removed 30 stack frames]]>
    </failure>
  </testcase> <!-- @BeforeClass objInti -->
  <testcase classname="Test.salesModuleTests.transTest.MultiSaleOrderTest" name="validateMultiSaleOrderCReation" time="0.0">
    <skipped/>
  </testcase> <!-- validateMultiSaleOrderCReation -->
  <testcase classname="Test.salesModuleTests.transTest.MultiSaleOrderTest" name="validatePartyDropForDuplicates" time="0.0">
    <skipped/>
  </testcase> <!-- validatePartyDropForDuplicates -->
  <testcase classname="Test.salesModuleTests.transTest.MultiSaleOrderTest" name="validateRouteWisePartyList" time="0.0">
    <skipped/>
  </testcase> <!-- validateRouteWisePartyList -->
  <testcase classname="Test.salesModuleTests.transTest.MultiSaleOrderTest" name="validateSaleOrderStatus" time="0.0">
    <skipped/>
  </testcase> <!-- validateSaleOrderStatus -->
  <testcase classname="Test.salesModuleTests.transTest.MultiSaleOrderTest" name="validatePartyMstActiveFieldStatus" time="0.0">
    <ignored/>
  </testcase> <!-- validatePartyMstActiveFieldStatus -->
  <testcase classname="Test.salesModuleTests.transTest.MultiSaleOrderTest" name="validateSaleOrderInputValues" time="0.0">
    <ignored/>
  </testcase> <!-- validateSaleOrderInputValues -->
  <testcase classname="Test.salesModuleTests.transTest.MultiSaleOrderTest" name="validateSaleOrderInputValues1" time="0.0">
    <ignored/>
  </testcase> <!-- validateSaleOrderInputValues1 -->
  <testcase classname="Test.salesModuleTests.transTest.MultiSaleOrderTest" name="validateDocTypeField" time="0.0">
    <ignored/>
  </testcase> <!-- validateDocTypeField -->
  <testcase classname="Test.salesModuleTests.transTest.MultiSaleOrderTest" name="validateSaleOrderStatusInDatabase" time="0.0">
    <ignored/>
  </testcase> <!-- validateSaleOrderStatusInDatabase -->
  <testcase classname="Test.salesModuleTests.transTest.MultiSaleOrderTest" name="validateAllPartyListRouteWise" time="0.0">
    <ignored/>
  </testcase> <!-- validateAllPartyListRouteWise -->
  <testcase classname="Test.salesModuleTests.transTest.MultiSaleOrderTest" name="validatePartyDropSearchFun" time="0.0">
    <ignored/>
  </testcase> <!-- validatePartyDropSearchFun -->
</testsuite> <!-- MultiSaleOrderTest -->
