<?xml version="1.0" encoding="UTF-8"?>
<!-- Generated by org.testng.reporters.JUnitXMLReporter -->
<testsuite ignored="8" hostname="lap_dnare" failures="0" tests="14" name="Party Master" time="19.43" errors="0" timestamp="2025-07-11T16:53:13 IST">
  <testcase classname="Test.FieldWiseTests.ItemMasterFieldWiseTests" name="validateItemCodeAcceptsAlphanumericOnly" time="0.02"/>
  <testcase classname="Test.FieldWiseTests.ItemMasterFieldWiseTests" name="validateItemCodeCannotBeEmpty" time="0.006"/>
  <testcase classname="Test.FieldWiseTests.ItemMasterFieldWiseTests" name="verifyAutoGeneratedFieldsAreReadOnly" time="0.007"/>
  <testcase classname="Test.FieldWiseTests.ItemMasterFieldWiseTests" name="verifyClearButtonResetsAllFields" time="0.006"/>
  <testcase classname="Test.FieldWiseTests.ItemMasterFieldWiseTests" name="verifyDepartmentDropdownOptions" time="0.004"/>
  <testcase classname="Test.FieldWiseTests.ItemMasterFieldWiseTests" name="verifyDuplicateItemCodeNotAllowed" time="0.006"/>
  <testcase classname="Test.FieldWiseTests.ItemMasterFieldWiseTests" name="verifyFormLayoutAndStyles" time="0.006"/>
  <testcase classname="Test.FieldWiseTests.ItemMasterFieldWiseTests" name="verifyItemSubTypeChangesBasedOnItemType" time="0.007"/>
  <testcase classname="Test.FieldWiseTests.ItemMasterFieldWiseTests" name="verifyItemTypeDropdownOptions" time="0.003"/>
  <testcase classname="Test.FieldWiseTests.ItemMasterFieldWiseTests" name="verifySubmitButtonDisabledInitially" time="0.003"/>
  <testcase classname="Test.FieldWiseTests.ItemMasterFieldWiseTests" name="verifySubmitButtonEnabledWhenFormIsValid" time="0.002"/>
  <testcase classname="Test.FieldWiseTests.ItemMasterFieldWiseTests" name="verifySuccessfulFormSubmission" time="0.002"/>
  <testcase classname="Test.FieldWiseTests.ItemMasterFieldWiseTests" name="verifyTabNavigationBetweenFields" time="0.002"/>
  <testcase classname="Test.FieldWiseTests.ItemMasterFieldWiseTests" name="verifyAllMandatoryFieldsAreDisplayed" time="5.222"/>
  <testcase classname="Test.FieldWiseTests.ItemMasterFieldWiseTests" name="validateItemCodeMaxLengthRestriction" time="0.0">
    <ignored/>
  </testcase> <!-- validateItemCodeMaxLengthRestriction -->
  <testcase classname="Test.FieldWiseTests.ItemMasterFieldWiseTests" name="testMandatoryFieldValidationsGrouped" time="0.0">
    <ignored/>
  </testcase> <!-- testMandatoryFieldValidationsGrouped -->
  <testcase classname="Test.FieldWiseTests.ItemMasterFieldWiseTests" name="validateItemTypeDropSelection" time="0.0">
    <ignored/>
  </testcase> <!-- validateItemTypeDropSelection -->
  <testcase classname="Test.FieldWiseTests.ItemMasterFieldWiseTests" name="validateItemCodeWithSpecialCharactersBlocked" time="0.0">
    <ignored/>
  </testcase> <!-- validateItemCodeWithSpecialCharactersBlocked -->
  <testcase classname="Test.FieldWiseTests.ItemMasterFieldWiseTests" name="validationOfSubmition" time="0.0">
    <ignored/>
  </testcase> <!-- validationOfSubmition -->
  <testcase classname="Test.FieldWiseTests.ItemMasterFieldWiseTests" name="validatePositiveFlow" time="0.0">
    <ignored/>
  </testcase> <!-- validatePositiveFlow -->
  <testcase classname="Test.FieldWiseTests.ItemMasterFieldWiseTests" name="testToClearAllFields" time="0.0">
    <ignored/>
  </testcase> <!-- testToClearAllFields -->
  <testcase classname="Test.FieldWiseTests.ItemMasterFieldWiseTests" name="validateAllTextFieldsBlockSpecialCharacters" time="0.0">
    <ignored/>
  </testcase> <!-- validateAllTextFieldsBlockSpecialCharacters -->
</testsuite> <!-- Party Master -->
