<?xml version="1.0" encoding="UTF-8"?>
<!-- Generated by org.testng.reporters.JUnitXMLReporter -->
<testsuite ignored="5" hostname="lap_dnare" failures="0" tests="1" name="po Test" time="21.226" errors="0" timestamp="2026-02-09T14:07:19 IST">
  <testcase classname="Test.inventoryModuleTests.masterTests.PurchaseOrderTest" name="validatePurchaseOrderCreation" time="12.128"/>
  <testcase classname="Test.inventoryModuleTests.masterTests.PurchaseOrderTest" name="validatePoUpdateFun" time="0.0">
    <ignored/>
  </testcase> <!-- validatePoUpdateFun -->
  <testcase classname="Test.inventoryModuleTests.masterTests.PurchaseOrderTest" name="validateDeactivityOfOtherFields" time="0.0">
    <ignored/>
  </testcase> <!-- validateDeactivityOfOtherFields -->
  <testcase classname="Test.inventoryModuleTests.masterTests.PurchaseOrderTest" name="validatePoGrossAmount" time="0.0">
    <ignored/>
  </testcase> <!-- validatePoGrossAmount -->
  <testcase classname="Test.inventoryModuleTests.masterTests.PurchaseOrderTest" name="validatePoNetAmount" time="0.0">
    <ignored/>
  </testcase> <!-- validatePoNetAmount -->
  <testcase classname="Test.inventoryModuleTests.masterTests.PurchaseOrderTest" name="validatePartyCodeForPartyDrop" time="0.0">
    <ignored/>
  </testcase> <!-- validatePartyCodeForPartyDrop -->
</testsuite> <!-- po Test -->
