<?xml version="1.0" encoding="UTF-8"?>
<!-- Generated by org.testng.reporters.JUnitXMLReporter -->
<testsuite ignored="0" hostname="lap_dnare" failures="0" tests="3" name="Sales Flow Only" time="60.663" errors="0" timestamp="2026-02-05T10:55:32 IST">
  <testcase classname="Test.flowWiseTest.E2EFlowTests" name="createSaleOrder" time="35.29"/>
  <testcase classname="Test.flowWiseTest.E2EFlowTests" name="createSaleDispatch" time="18.289"/>
  <testcase classname="Test.flowWiseTest.E2EFlowTests" name="createTaxInvoice" time="5.265"/>
</testsuite> <!-- Sales Flow Only -->
