<?xml version="1.0" encoding="UTF-8"?>
<!-- Generated by org.testng.reporters.JUnitXMLReporter -->
<testsuite ignored="6" hostname="lap_dnare" failures="0" tests="1" name="SalesDispatchTest" time="37.231" errors="0" timestamp="2026-01-10T21:41:40 IST">
  <testcase classname="Test.salesModuleTests.transTest.SalesDispatchTest" name="validateDisplayOfCreateSaleDisButton" time="1.385"/>
  <testcase classname="Test.salesModuleTests.transTest.SalesDispatchTest" name="validateSaleDispatchFlow" time="0.0">
    <ignored/>
  </testcase> <!-- validateSaleDispatchFlow -->
  <testcase classname="Test.salesModuleTests.transTest.SalesDispatchTest" name="validateStockAvailableForItem" time="0.0">
    <ignored/>
  </testcase> <!-- validateStockAvailableForItem -->
  <testcase classname="Test.salesModuleTests.transTest.SalesDispatchTest" name="validateDeleteBtnFun" time="0.0">
    <ignored/>
  </testcase> <!-- validateDeleteBtnFun -->
  <testcase classname="Test.salesModuleTests.transTest.SalesDispatchTest" name="validateResetBtnFun" time="0.0">
    <ignored/>
  </testcase> <!-- validateResetBtnFun -->
  <testcase classname="Test.salesModuleTests.transTest.SalesDispatchTest" name="ValidateAllOrderQtyOfDisRecords" time="0.0">
    <ignored/>
  </testcase> <!-- ValidateAllOrderQtyOfDisRecords -->
  <testcase classname="Test.salesModuleTests.transTest.SalesDispatchTest" name="validateAsterickMarkDispaly" time="0.0">
    <ignored/>
  </testcase> <!-- validateAsterickMarkDispaly -->
</testsuite> <!-- SalesDispatchTest -->
