<?xml version="1.0" encoding="UTF-8"?>
<!-- Generated by org.testng.reporters.JUnitXMLReporter -->
<testsuite ignored="0" hostname="lap_dnare" failures="0" tests="3" name="Sales Flow Only" time="66.203" errors="0" timestamp="2026-02-18T15:06:13 IST">
  <testcase classname="Test.flowWiseTest.E2EFlowTests" name="createSaleOrder" time="27.504"/>
  <testcase classname="Test.flowWiseTest.E2EFlowTests" name="createSaleDispatch" time="21.761"/>
  <testcase classname="Test.flowWiseTest.E2EFlowTests" name="createTaxInvoice" time="12.533"/>
</testsuite> <!-- Sales Flow Only -->
