<?xml version="1.0" encoding="UTF-8"?>
<!-- Generated by org.testng.reporters.JUnitXMLReporter -->
<testsuite ignored="4" hostname="lap_dnare" failures="0" tests="1" name="sales dispatch tests" time="26.819" errors="0" timestamp="2025-10-29T18:25:37 IST">
  <testcase classname="Test.inventoryModuleTests.PurchaseOrderTest" name="validateGstCal" time="25.074"/>
  <testcase classname="Test.inventoryModuleTests.PurchaseOrderTest" name="validatePoUpdateFun" time="0.0">
    <ignored/>
  </testcase> <!-- validatePoUpdateFun -->
  <testcase classname="Test.inventoryModuleTests.PurchaseOrderTest" name="validatePartyCodeForPartyDrop" time="0.0">
    <ignored/>
  </testcase> <!-- validatePartyCodeForPartyDrop -->
  <testcase classname="Test.inventoryModuleTests.PurchaseOrderTest" name="validateDeactivityOfOtherFields" time="0.0">
    <ignored/>
  </testcase> <!-- validateDeactivityOfOtherFields -->
  <testcase classname="Test.inventoryModuleTests.PurchaseOrderTest" name="validatePurchaseOrderCreation" time="0.0">
    <ignored/>
  </testcase> <!-- validatePurchaseOrderCreation -->
</testsuite> <!-- sales dispatch tests -->
