<?xml version="1.0" encoding="UTF-8"?>
<!-- Generated by org.testng.reporters.JUnitXMLReporter -->
<testsuite ignored="5" hostname="DESKTOP-4LVD6F7" failures="0" tests="1" name="sales module" time="2.27" errors="0" timestamp="2025-09-27T13:45:22 IST">
  <testcase classname="integrationFlowPack.SalesModuleFlow.setupFlow.SetUp" name="@BeforeClass basicSetting" time="2.179">
    <failure type="org.openqa.selenium.SessionNotCreatedException" message="Could not start a new session. Response code 500. Message: session not created: This version of ChromeDriver only supports Chrome version 138
Current browser version is 140.0.7339.185 with binary path C:\Program Files\Google\Chrome\Application\chrome.exe 
Host info: host: &amp;apos;DESKTOP-4LVD6F7&amp;apos;, ip: &amp;apos;192.168.32.15&amp;apos;
Build info: version: &amp;apos;4.30.0&amp;apos;, revision: &amp;apos;509c7f17cc*&amp;apos;
System info: os.name: &amp;apos;Windows 10&amp;apos;, os.arch: &amp;apos;amd64&amp;apos;, os.version: &amp;apos;10.0&amp;apos;, java.version: &amp;apos;21.0.3&amp;apos;
Driver info: org.openqa.selenium.chrome.ChromeDriver
Command: [null, newSession {capabilities=[Capabilities {browserName: chrome, goog:chromeOptions: {args: [], extensions: []}}]}]">
      <![CDATA[org.openqa.selenium.SessionNotCreatedException: Could not start a new session. Response code 500. Message: session not created: This version of ChromeDriver only supports Chrome version 138
Current browser version is 140.0.7339.185 with binary path C:\Program Files\Google\Chrome\Application\chrome.exe 
Host info: host: 'DESKTOP-4LVD6F7', ip: '192.168.32.15'
Build info: version: '4.30.0', revision: '509c7f17cc*'
System info: os.name: 'Windows 10', os.arch: 'amd64', os.version: '10.0', java.version: '21.0.3'
Driver info: org.openqa.selenium.chrome.ChromeDriver
Command: [null, newSession {capabilities=[Capabilities {browserName: chrome, goog:chromeOptions: {args: [], extensions: []}}]}]
at org.openqa.selenium.remote.ProtocolHandshake.createSession(ProtocolHandshake.java:114)
at org.openqa.selenium.remote.ProtocolHandshake.createSession(ProtocolHandshake.java:75)
at org.openqa.selenium.remote.ProtocolHandshake.createSession(ProtocolHandshake.java:61)
at org.openqa.selenium.remote.HttpCommandExecutor.execute(HttpCommandExecutor.java:187)
at org.openqa.selenium.remote.service.DriverCommandExecutor.invokeExecute(DriverCommandExecutor.java:216)
at org.openqa.selenium.remote.service.DriverCommandExecutor.execute(DriverCommandExecutor.java:174)
at org.openqa.selenium.remote.RemoteWebDriver.execute(RemoteWebDriver.java:545)
at org.openqa.selenium.remote.RemoteWebDriver.startSession(RemoteWebDriver.java:245)
at org.openqa.selenium.remote.RemoteWebDriver.<init>(RemoteWebDriver.java:174)
at org.openqa.selenium.chromium.ChromiumDriver.<init>(ChromiumDriver.java:110)
at org.openqa.selenium.chrome.ChromeDriver.<init>(ChromeDriver.java:88)
at org.openqa.selenium.chrome.ChromeDriver.<init>(ChromeDriver.java:83)
at org.openqa.selenium.chrome.ChromeDriver.<init>(ChromeDriver.java:51)
at integrationFlowPack.SalesModuleFlow.setupFlow.SetUp.basicSetting(SetUp.java:43)
at java.base/java.util.ArrayList.forEach(ArrayList.java:1596)
... Removed 23 stack frames]]>
    </failure>
  </testcase> <!-- @BeforeClass basicSetting -->
  <testcase classname="Test.salesModuleTests.PartyMasterTest" name="@BeforeClass objInitilization" time="0.0">
    <skipped/>
  </testcase> <!-- @BeforeClass objInitilization -->
  <testcase classname="Test.salesModuleTests.PartyMasterTest" name="validateVisibilityOfElements" time="0.0">
    <skipped/>
  </testcase> <!-- validateVisibilityOfElements -->
  <testcase classname="Test.salesModuleTests.PartyMasterTest" name="validetePartyMstFlow" time="0.0">
    <ignored/>
  </testcase> <!-- validetePartyMstFlow -->
  <testcase classname="Test.salesModuleTests.PartyMasterTest" name="validateTheOptIsPreseInDropOrNot" time="0.0">
    <ignored/>
  </testcase> <!-- validateTheOptIsPreseInDropOrNot -->
  <testcase classname="Test.salesModuleTests.PartyMasterTest" name="validateInputAsNumbersOnly" time="0.0">
    <ignored/>
  </testcase> <!-- validateInputAsNumbersOnly -->
  <testcase classname="Test.salesModuleTests.PartyMasterTest" name="validateResetBtnFunctionality" time="0.0">
    <ignored/>
  </testcase> <!-- validateResetBtnFunctionality -->
  <testcase classname="Test.salesModuleTests.PartyMasterTest" name="validateTextAfterSelection" time="0.0">
    <ignored/>
  </testcase> <!-- validateTextAfterSelection -->
</testsuite> <!-- sales module -->
