<?xml version="1.0" encoding="UTF-8"?>
<!-- Generated by org.testng.reporters.JUnitXMLReporter -->
<testsuite ignored="11" hostname="lap_dnare" failures="0" tests="1" name="Default test" time="54.956" errors="0" timestamp="2026-02-18T20:18:22 IST">
  <testcase classname="Test.inventoryModuleTests.transactionTests.GoodReceiptNoteTest" name="validateGrnFlow" time="29.796"/>
  <testcase classname="Test.inventoryModuleTests.transactionTests.GoodReceiptNoteTest" name="validateGRNNavigation" time="0.0">
    <ignored/>
  </testcase> <!-- validateGRNNavigation -->
  <testcase classname="Test.inventoryModuleTests.transactionTests.GoodReceiptNoteTest" name="validateLandedRateCaculations" time="0.0">
    <ignored/>
  </testcase> <!-- validateLandedRateCaculations -->
  <testcase classname="Test.inventoryModuleTests.transactionTests.GoodReceiptNoteTest" name="validatePoDataInGRNDetailsTab" time="0.0">
    <ignored/>
  </testcase> <!-- validatePoDataInGRNDetailsTab -->
  <testcase classname="Test.inventoryModuleTests.transactionTests.GoodReceiptNoteTest" name="validateBackButtonFuct" time="0.0">
    <ignored/>
  </testcase> <!-- validateBackButtonFuct -->
  <testcase classname="Test.inventoryModuleTests.transactionTests.GoodReceiptNoteTest" name="validateResetButtonFunct" time="0.0">
    <ignored/>
  </testcase> <!-- validateResetButtonFunct -->
  <testcase classname="Test.inventoryModuleTests.transactionTests.GoodReceiptNoteTest" name="validatePoNoAgainstVendor" time="0.0">
    <ignored/>
  </testcase> <!-- validatePoNoAgainstVendor -->
  <testcase classname="Test.inventoryModuleTests.transactionTests.GoodReceiptNoteTest" name="maxLimitForInputFields" time="0.0">
    <ignored/>
  </testcase> <!-- maxLimitForInputFields -->
  <testcase classname="Test.inventoryModuleTests.transactionTests.GoodReceiptNoteTest" name="validateGrnNoCreation" time="0.0">
    <ignored/>
  </testcase> <!-- validateGrnNoCreation -->
  <testcase classname="Test.inventoryModuleTests.transactionTests.GoodReceiptNoteTest" name="validateListingPageHeading" time="0.0">
    <ignored/>
  </testcase> <!-- validateListingPageHeading -->
  <testcase classname="Test.inventoryModuleTests.transactionTests.GoodReceiptNoteTest" name="validateFormLoading" time="0.0">
    <ignored/>
  </testcase> <!-- validateFormLoading -->
  <testcase classname="Test.inventoryModuleTests.transactionTests.GoodReceiptNoteTest" name="validatePoDataInGRNInfoTab" time="0.0">
    <ignored/>
  </testcase> <!-- validatePoDataInGRNInfoTab -->
</testsuite> <!-- Default test -->
