<?xml version="1.0" encoding="UTF-8"?>
<testng-results ignored="0" total="3" passed="3" failed="0" skipped="0">
  <reporter-output>
  </reporter-output>
  <suite started-at="2026-02-20T10:47:35 IST" name="Full System Suite" finished-at="2026-02-20T10:48:41 IST" duration-ms="65708">
    <groups>
      <group name="sales-flow">
        <method signature="E2EFlowTests.createSaleOrder()[pri:0, instance:Test.flowWiseTest.E2EFlowTests@4089713]" name="createSaleOrder" class="Test.flowWiseTest.E2EFlowTests"/>
        <method signature="E2EFlowTests.createSaleDispatch()[pri:1, instance:Test.flowWiseTest.E2EFlowTests@4089713]" name="createSaleDispatch" class="Test.flowWiseTest.E2EFlowTests"/>
        <method signature="E2EFlowTests.createTaxInvoice()[pri:2, instance:Test.flowWiseTest.E2EFlowTests@4089713]" name="createTaxInvoice" class="Test.flowWiseTest.E2EFlowTests"/>
      </group> <!-- sales-flow -->
    </groups>
    <test started-at="2026-02-20T10:47:35 IST" name="Sales Flow Only" finished-at="2026-02-20T10:48:41 IST" duration-ms="65708">
      <class name="Test.flowWiseTest.E2EFlowTests">
        <test-method is-config="true" signature="basicSetting()[pri:0, instance:Test.flowWiseTest.E2EFlowTests@4089713]" started-at="2026-02-20T10:47:35 IST" name="basicSetting" finished-at="2026-02-20T10:47:40 IST" duration-ms="4406" status="PASS">
          <reporter-output>
          </reporter-output>
        </test-method> <!-- basicSetting -->
        <test-method is-config="true" signature="completeFlowSetup()[pri:0, instance:Test.flowWiseTest.E2EFlowTests@4089713]" started-at="2026-02-20T10:47:40 IST" name="completeFlowSetup" finished-at="2026-02-20T10:47:40 IST" duration-ms="166" status="PASS">
          <reporter-output>
          </reporter-output>
        </test-method> <!-- completeFlowSetup -->
        <test-method signature="createSaleOrder()[pri:0, instance:Test.flowWiseTest.E2EFlowTests@4089713]" started-at="2026-02-20T10:47:40 IST" name="createSaleOrder" finished-at="2026-02-20T10:48:09 IST" duration-ms="29197" status="PASS">
          <reporter-output>
          </reporter-output>
        </test-method> <!-- createSaleOrder -->
        <test-method signature="createSaleDispatch()[pri:1, instance:Test.flowWiseTest.E2EFlowTests@4089713]" started-at="2026-02-20T10:48:09 IST" name="createSaleDispatch" finished-at="2026-02-20T10:48:32 IST" duration-ms="23046" status="PASS">
          <reporter-output>
          </reporter-output>
        </test-method> <!-- createSaleDispatch -->
        <test-method signature="createTaxInvoice()[pri:2, instance:Test.flowWiseTest.E2EFlowTests@4089713]" started-at="2026-02-20T10:48:32 IST" name="createTaxInvoice" finished-at="2026-02-20T10:48:41 IST" duration-ms="8507" status="PASS">
          <reporter-output>
          </reporter-output>
        </test-method> <!-- createTaxInvoice -->
      </class> <!-- Test.flowWiseTest.E2EFlowTests -->
    </test> <!-- Sales Flow Only -->
  </suite> <!-- Full System Suite -->
</testng-results>
