<?xml version="1.0" encoding="UTF-8"?>
<testng-results ignored="8" total="10" passed="2" failed="0" skipped="0">
  <reporter-output>
  </reporter-output>
  <suite started-at="2026-02-10T17:49:06 IST" name="Full System Suite" finished-at="2026-02-10T17:50:23 IST" duration-ms="76824">
    <groups>
      <group name="Inventory-flow">
        <method signature="InventoryFlowTests.validatePurchaseOrderCreation()[pri:0, instance:Test.flowWiseTest.InventoryFlowTests@55562aa9]" name="validatePurchaseOrderCreation" class="Test.flowWiseTest.InventoryFlowTests"/>
        <method signature="InventoryFlowTests.validateGRNCreation()[pri:1, instance:Test.flowWiseTest.InventoryFlowTests@55562aa9]" name="validateGRNCreation" class="Test.flowWiseTest.InventoryFlowTests"/>
      </group> <!-- Inventory-flow -->
    </groups>
    <test started-at="2026-02-10T17:49:06 IST" name="Inventory Flow Only" finished-at="2026-02-10T17:50:23 IST" duration-ms="76824">
      <class name="Test.flowWiseTest.InventoryFlowTests">
        <test-method is-config="true" signature="basicSetting()[pri:0, instance:Test.flowWiseTest.InventoryFlowTests@55562aa9]" started-at="2026-02-10T17:49:06 IST" name="basicSetting" finished-at="2026-02-10T17:49:08 IST" duration-ms="1731" status="PASS">
          <reporter-output>
          </reporter-output>
        </test-method> <!-- basicSetting -->
        <test-method is-config="true" signature="compInvFlow()[pri:0, instance:Test.flowWiseTest.InventoryFlowTests@55562aa9]" started-at="2026-02-10T17:49:08 IST" name="compInvFlow" finished-at="2026-02-10T17:49:08 IST" duration-ms="70" status="PASS">
          <reporter-output>
          </reporter-output>
        </test-method> <!-- compInvFlow -->
        <test-method signature="validatePurchaseOrderCreation()[pri:0, instance:Test.flowWiseTest.InventoryFlowTests@55562aa9]" started-at="2026-02-10T17:49:08 IST" name="validatePurchaseOrderCreation" finished-at="2026-02-10T17:50:02 IST" duration-ms="53919" status="PASS">
          <reporter-output>
          </reporter-output>
        </test-method> <!-- validatePurchaseOrderCreation -->
        <test-method signature="validateGRNCreation()[pri:1, instance:Test.flowWiseTest.InventoryFlowTests@55562aa9]" started-at="2026-02-10T17:50:02 IST" name="validateGRNCreation" finished-at="2026-02-10T17:50:23 IST" duration-ms="21059" status="PASS">
          <reporter-output>
          </reporter-output>
        </test-method> <!-- validateGRNCreation -->
      </class> <!-- Test.flowWiseTest.InventoryFlowTests -->
    </test> <!-- Inventory Flow Only -->
  </suite> <!-- Full System Suite -->
</testng-results>
