<?xml version="1.0" encoding="UTF-8"?>
<!-- Generated by org.testng.reporters.JUnitReportReporter -->
<testsuite hostname="lap_dnare" failures="0" tests="3" name="Test.flowWiseTest.E2EFlowTests" time="58.844" errors="0" timestamp="2026-02-05T10:55:32 IST" skipped="0">
  <testcase classname="Test.flowWiseTest.E2EFlowTests" name="createSaleDispatch" time="18.289"/>
  <testcase classname="Test.flowWiseTest.E2EFlowTests" name="createSaleOrder" time="35.290"/>
  <testcase classname="Test.flowWiseTest.E2EFlowTests" name="createTaxInvoice" time="5.265"/>
</testsuite> <!-- Test.flowWiseTest.E2EFlowTests -->
