<?xml version="1.0" encoding="UTF-8"?>
<!-- Generated by org.testng.reporters.JUnitReportReporter -->
<testsuite hostname="lap_dnare" failures="0" tests="1" name="Test.inventoryModuleTests.transactionTests.GRNPostingTest" time="7.998" errors="0" timestamp="2026-01-30T17:09:13 IST" skipped="0">
  <testcase classname="Test.inventoryModuleTests.transactionTests.GRNPostingTest" name="validateGRNPostingCreation" time="7.998"/>
</testsuite> <!-- Test.inventoryModuleTests.transactionTests.GRNPostingTest -->
