<?xml version="1.0" encoding="UTF-8"?>
<!-- Generated by org.testng.reporters.JUnitReportReporter -->
<testsuite hostname="lap_dnare" failures="0" tests="22" name="Test.FieldWiseTests.ItemMasterFieldWiseTests" time="3.319" errors="0" timestamp="2025-07-11T17:27:55 IST" skipped="8">
  <testcase classname="Test.FieldWiseTests.ItemMasterFieldWiseTests" name="verifyDepartmentDropdownOptions" time="0.002"/>
  <system-out/>
  <testcase classname="Test.FieldWiseTests.ItemMasterFieldWiseTests" name="verifyItemTypeDropdownOptions" time="0.002"/>
  <system-out/>
  <testcase classname="Test.FieldWiseTests.ItemMasterFieldWiseTests" name="validateItemCodeCannotBeEmpty" time="0.008"/>
  <system-out/>
  <testcase classname="Test.FieldWiseTests.ItemMasterFieldWiseTests" name="verifySubmitButtonDisabledInitially" time="0.003"/>
  <system-out/>
  <testcase classname="Test.FieldWiseTests.ItemMasterFieldWiseTests" name="verifyClearButtonResetsAllFields" time="0.004"/>
  <system-out/>
  <testcase classname="Test.FieldWiseTests.ItemMasterFieldWiseTests" name="verifyFormLayoutAndStyles" time="0.004"/>
  <system-out/>
  <testcase classname="Test.FieldWiseTests.ItemMasterFieldWiseTests" name="verifyItemSubTypeChangesBasedOnItemType" time="0.003"/>
  <system-out/>
  <testcase classname="Test.FieldWiseTests.ItemMasterFieldWiseTests" name="validateItemCodeAcceptsAlphanumericOnly" time="0.023"/>
  <system-out/>
  <testcase classname="Test.FieldWiseTests.ItemMasterFieldWiseTests" name="verifyAutoGeneratedFieldsAreReadOnly" time="0.003"/>
  <system-out/>
  <testcase classname="Test.FieldWiseTests.ItemMasterFieldWiseTests" name="verifyDuplicateItemCodeNotAllowed" time="0.002"/>
  <system-out/>
  <testcase classname="Test.FieldWiseTests.ItemMasterFieldWiseTests" name="verifyTabNavigationBetweenFields" time="0.003"/>
  <system-out/>
  <testcase classname="Test.FieldWiseTests.ItemMasterFieldWiseTests" name="verifySubmitButtonEnabledWhenFormIsValid" time="0.003"/>
  <system-out/>
  <testcase classname="Test.FieldWiseTests.ItemMasterFieldWiseTests" name="verifySuccessfulFormSubmission" time="0.002"/>
  <system-out/>
  <testcase classname="Test.FieldWiseTests.ItemMasterFieldWiseTests" name="verifyAllMandatoryFieldsAreDisplayed" time="3.257"/>
  <system-out/>
  <testcase classname="Test.FieldWiseTests.ItemMasterFieldWiseTests" name="validateItemCodeMaxLengthRestriction">
    <skipped/>
  </testcase> <!-- validateItemCodeMaxLengthRestriction -->
  <system-out/>
  <testcase classname="Test.FieldWiseTests.ItemMasterFieldWiseTests" name="testMandatoryFieldValidationsGrouped">
    <skipped/>
  </testcase> <!-- testMandatoryFieldValidationsGrouped -->
  <system-out/>
  <testcase classname="Test.FieldWiseTests.ItemMasterFieldWiseTests" name="validateItemTypeDropSelection">
    <skipped/>
  </testcase> <!-- validateItemTypeDropSelection -->
  <system-out/>
  <testcase classname="Test.FieldWiseTests.ItemMasterFieldWiseTests" name="validateItemCodeWithSpecialCharactersBlocked">
    <skipped/>
  </testcase> <!-- validateItemCodeWithSpecialCharactersBlocked -->
  <system-out/>
  <testcase classname="Test.FieldWiseTests.ItemMasterFieldWiseTests" name="validationOfSubmition">
    <skipped/>
  </testcase> <!-- validationOfSubmition -->
  <system-out/>
  <testcase classname="Test.FieldWiseTests.ItemMasterFieldWiseTests" name="validatePositiveFlow">
    <skipped/>
  </testcase> <!-- validatePositiveFlow -->
  <system-out/>
  <testcase classname="Test.FieldWiseTests.ItemMasterFieldWiseTests" name="testToClearAllFields">
    <skipped/>
  </testcase> <!-- testToClearAllFields -->
  <system-out/>
  <testcase classname="Test.FieldWiseTests.ItemMasterFieldWiseTests" name="validateAllTextFieldsBlockSpecialCharacters">
    <skipped/>
  </testcase> <!-- validateAllTextFieldsBlockSpecialCharacters -->
  <system-out/>
</testsuite> <!-- Test.FieldWiseTests.ItemMasterFieldWiseTests -->
