<?xml version="1.0" encoding="UTF-8"?>
<!-- Generated by org.testng.reporters.JUnitReportReporter -->
<testsuite hostname="lap_dnare" failures="0" tests="6" name="Test.inventoryModuleTests.masterTests.PurchaseOrderTest" time="12.128" errors="0" timestamp="2026-02-09T14:07:19 IST" skipped="5">
  <testcase classname="Test.inventoryModuleTests.masterTests.PurchaseOrderTest" name="validatePurchaseOrderCreation" time="12.128"/>
  <testcase classname="Test.inventoryModuleTests.masterTests.PurchaseOrderTest" name="validatePoUpdateFun">
    <skipped/>
  </testcase> <!-- validatePoUpdateFun -->
  <testcase classname="Test.inventoryModuleTests.masterTests.PurchaseOrderTest" name="validateDeactivityOfOtherFields">
    <skipped/>
  </testcase> <!-- validateDeactivityOfOtherFields -->
  <testcase classname="Test.inventoryModuleTests.masterTests.PurchaseOrderTest" name="validatePoGrossAmount">
    <skipped/>
  </testcase> <!-- validatePoGrossAmount -->
  <testcase classname="Test.inventoryModuleTests.masterTests.PurchaseOrderTest" name="validatePoNetAmount">
    <skipped/>
  </testcase> <!-- validatePoNetAmount -->
  <testcase classname="Test.inventoryModuleTests.masterTests.PurchaseOrderTest" name="validatePartyCodeForPartyDrop">
    <skipped/>
  </testcase> <!-- validatePartyCodeForPartyDrop -->
</testsuite> <!-- Test.inventoryModuleTests.masterTests.PurchaseOrderTest -->
