<?xml version="1.0" encoding="UTF-8"?>
<!-- Generated by org.testng.reporters.JUnitReportReporter -->
<testsuite hostname="lap_dnare" failures="0" tests="1" name="Test.inventoryModuleTests.transactionTests.GRNPrintingRepTest" time="3.810" errors="0" timestamp="2026-02-09T11:26:48 IST" skipped="0">
  <testcase classname="Test.inventoryModuleTests.transactionTests.GRNPrintingRepTest" name="validateGRNRepFlow" time="3.810"/>
</testsuite> <!-- Test.inventoryModuleTests.transactionTests.GRNPrintingRepTest -->
