<?xml version="1.0" encoding="UTF-8"?>
<!-- Generated by org.testng.reporters.JUnitReportReporter -->
<testsuite hostname="lap_dnare" failures="0" tests="3" name="Test.flowWiseTest.E2EFlowTests" time="70.169" errors="0" timestamp="2026-02-10T15:53:03 IST" skipped="0">
  <testcase classname="Test.flowWiseTest.E2EFlowTests" name="createSaleOrder" time="35.324"/>
  <testcase classname="Test.flowWiseTest.E2EFlowTests" name="createSaleDispatch" time="24.943"/>
  <testcase classname="Test.flowWiseTest.E2EFlowTests" name="createTaxInvoice" time="9.902"/>
</testsuite> <!-- Test.flowWiseTest.E2EFlowTests -->
