<?xml version="1.0" encoding="UTF-8"?>
<!-- Generated by org.testng.reporters.JUnitReportReporter -->
<testsuite hostname="lap_dnare" failures="0" tests="6" name="Test.salesModuleTests.transTest.MultiSaleOrderTest" time="17.390" errors="0" timestamp="2026-01-19T09:12:13 IST" skipped="5">
  <testcase classname="Test.salesModuleTests.transTest.MultiSaleOrderTest" name="validateSaleOrderStatusWithDB" time="17.390"/>
  <testcase classname="Test.salesModuleTests.transTest.MultiSaleOrderTest" name="validateMultiSaleOrderCReation">
    <skipped/>
  </testcase> <!-- validateMultiSaleOrderCReation -->
  <testcase classname="Test.salesModuleTests.transTest.MultiSaleOrderTest" name="validateDocTypeField">
    <skipped/>
  </testcase> <!-- validateDocTypeField -->
  <testcase classname="Test.salesModuleTests.transTest.MultiSaleOrderTest" name="validateRouteWisePartyList">
    <skipped/>
  </testcase> <!-- validateRouteWisePartyList -->
  <testcase classname="Test.salesModuleTests.transTest.MultiSaleOrderTest" name="validatePartyDropSearchFun">
    <skipped/>
  </testcase> <!-- validatePartyDropSearchFun -->
  <testcase classname="Test.salesModuleTests.transTest.MultiSaleOrderTest" name="validatePartyMstActiveFieldStatus">
    <skipped/>
  </testcase> <!-- validatePartyMstActiveFieldStatus -->
</testsuite> <!-- Test.salesModuleTests.transTest.MultiSaleOrderTest -->
