<?xml version="1.0" encoding="UTF-8"?>
<!-- Generated by org.testng.reporters.JUnitReportReporter -->
<testsuite hostname="lap_dnare" failures="0" tests="1" name="Test.inventoryModuleTests.transactionTests.POPrintingRepTest" time="4.257" errors="0" timestamp="2026-02-05T15:21:03 IST" skipped="0">
  <testcase classname="Test.inventoryModuleTests.transactionTests.POPrintingRepTest" name="validatePoRepFlow" time="4.257"/>
</testsuite> <!-- Test.inventoryModuleTests.transactionTests.POPrintingRepTest -->
