<?xml version="1.0" encoding="UTF-8"?>
<!-- Generated by org.testng.reporters.JUnitReportReporter -->
<testsuite hostname="lap_dnare" failures="0" tests="4" name="Test.inventoryModuleTests.transactionTests.PurchaseReturnTest" time="30.931" errors="0" timestamp="2026-02-05T05:09:51 IST" skipped="3">
  <testcase classname="Test.inventoryModuleTests.transactionTests.PurchaseReturnTest" name="validateSucPRNCreation" time="30.931"/>
  <testcase classname="Test.inventoryModuleTests.transactionTests.PurchaseReturnTest" name="validatePRNCalculations">
    <skipped/>
  </testcase> <!-- validatePRNCalculations -->
  <testcase classname="Test.inventoryModuleTests.transactionTests.PurchaseReturnTest" name="verifyAutoPoppulationOfGrnInfoTab">
    <skipped/>
  </testcase> <!-- verifyAutoPoppulationOfGrnInfoTab -->
  <testcase classname="Test.inventoryModuleTests.transactionTests.PurchaseReturnTest" name="verifyAutoPoppulation">
    <skipped/>
  </testcase> <!-- verifyAutoPoppulation -->
</testsuite> <!-- Test.inventoryModuleTests.transactionTests.PurchaseReturnTest -->
