<?xml version="1.0" encoding="UTF-8"?>
<!-- Generated by org.testng.reporters.JUnitReportReporter -->
<testsuite hostname="DESKTOP-4LVD6F7" failures="0" tests="1" name="integrationFlowPack.inventoryModuleFlow.TransactionFlow.CompleteInventoryFlow" time="14.929" errors="1" timestamp="2025-07-05T19:36:35 IST" skipped="0">
  <testcase classname="integrationFlowPack.inventoryModuleFlow.TransactionFlow.CompleteInventoryFlow" name="InventoryMstFlow" time="14.929">
    <error message="Dropdown selection failed for label &#039;Item Type&#039; and option &#039;FINISHED GOODS &#039;." type="java.lang.RuntimeException">
      <![CDATA[java.lang.RuntimeException: Dropdown selection failed for label 'Item Type' and option 'FINISHED GOODS '.
at UtilityClasses.DropdownUtils.selectFromComboWithoutSearch(DropdownUtils.java:48)
at pageObjects.inventoryModulePages.masterPages.ItemMasterPage.selectItemTypeDrop(ItemMasterPage.java:148)
at integrationFlowPack.inventoryModuleFlow.masterFlow.ItemMasterFlow.creatingNewItem(ItemMasterFlow.java:52)
at integrationFlowPack.inventoryModuleFlow.TransactionFlow.CompleteInventoryFlow.InventoryMstFlow(CompleteInventoryFlow.java:45)
at java.base/jdk.internal.reflect.DirectMethodHandleAccessor.invoke(DirectMethodHandleAccessor.java:103)
at java.base/java.lang.reflect.Method.invoke(Method.java:580)
at org.testng.internal.invokers.MethodInvocationHelper.invokeMethod(MethodInvocationHelper.java:141)
at org.testng.internal.invokers.TestInvoker.invokeMethod(TestInvoker.java:687)
at org.testng.internal.invokers.TestInvoker.invokeTestMethod(TestInvoker.java:230)
at org.testng.internal.invokers.MethodRunner.runInSequence(MethodRunner.java:63)
at org.testng.internal.invokers.TestInvoker$MethodInvocationAgent.invoke(TestInvoker.java:995)
at org.testng.internal.invokers.TestInvoker.invokeTestMethods(TestInvoker.java:203)
at org.testng.internal.invokers.TestMethodWorker.invokeTestMethods(TestMethodWorker.java:154)
at org.testng.internal.invokers.TestMethodWorker.run(TestMethodWorker.java:134)
at java.base/java.util.ArrayList.forEach(ArrayList.java:1596)
at org.testng.TestRunner.privateRun(TestRunner.java:741)
at org.testng.TestRunner.run(TestRunner.java:616)
at org.testng.SuiteRunner.runTest(SuiteRunner.java:421)
at org.testng.SuiteRunner.runSequentially(SuiteRunner.java:413)
at org.testng.SuiteRunner.privateRun(SuiteRunner.java:373)
at org.testng.SuiteRunner.run(SuiteRunner.java:312)
at org.testng.SuiteRunnerWorker.runSuite(SuiteRunnerWorker.java:52)
at org.testng.SuiteRunnerWorker.run(SuiteRunnerWorker.java:95)
at org.testng.TestNG.runSuitesSequentially(TestNG.java:1274)
at org.testng.TestNG.runSuitesLocally(TestNG.java:1208)
at org.testng.TestNG.runSuites(TestNG.java:1112)
at org.testng.TestNG.run(TestNG.java:1079)
at org.testng.remote.AbstractRemoteTestNG.run(AbstractRemoteTestNG.java:115)
at org.testng.remote.RemoteTestNG.initAndRun(RemoteTestNG.java:293)
at org.testng.remote.RemoteTestNG.main(RemoteTestNG.java:91)
Caused by: org.openqa.selenium.ElementClickInterceptedException: element click intercepted: Element <igx-icon class="material-icons igx-icon" aria-hidden="true">...</igx-icon> is not clickable at point (358, 146). Other element would receive the click: <div _ngcontent-ng-c3765454182="" class="display-cell">...</div>
  (Session info: chrome=138.0.7204.97)
Build info: version: '4.28.0', revision: 'ac342546e9'
System info: os.name: 'Windows 10', os.arch: 'amd64', os.version: '10.0', java.version: '21.0.3'
Driver info: org.openqa.selenium.chrome.ChromeDriver
Command: [683341a5f7d68fb90dcfd9c0a05d2b3d, clickElement {id=f.DFD6D599EA88AE9044154F6F2910F745.d.B22EBF473A6331B6E7DA78DA24859659.e.260}]
Capabilities {acceptInsecureCerts: false, browserName: chrome, browserVersion: 138.0.7204.97, chrome: {chromedriverVersion: 138.0.7204.92 (f079b9bc781e..., userDataDir: C:\Users\DNYANE~1\AppData\L...}, fedcm:accounts: true, goog:chromeOptions: {debuggerAddress: localhost:62184}, networkConnectionEnabled: false, pageLoadStrategy: normal, platformName: windows, proxy: Proxy(), se:cdp: ws://localhost:62184/devtoo..., se:cdpVersion: 138.0.7204.97, setWindowRect: true, strictFileInteractability: false, timeouts: {implicit: 0, pageLoad: 300000, script: 30000}, unhandledPromptBehavior: dismiss and notify, webauthn:extension:credBlob: true, webauthn:extension:largeBlob: true, webauthn:extension:minPinLength: true, webauthn:extension:prf: true, webauthn:virtualAuthenticators: true}
Element: [[ChromeDriver: chrome on windows (683341a5f7d68fb90dcfd9c0a05d2b3d)] -> xpath: //label[normalize-space(text())='Item Type']/following::igx-icon[1]]
Session ID: 683341a5f7d68fb90dcfd9c0a05d2b3d
at java.base/jdk.internal.reflect.DirectConstructorHandleAccessor.newInstance(DirectConstructorHandleAccessor.java:62)
at java.base/java.lang.reflect.Constructor.newInstanceWithCaller(Constructor.java:502)
at java.base/java.lang.reflect.Constructor.newInstance(Constructor.java:486)
at org.openqa.selenium.remote.ErrorCodec.decode(ErrorCodec.java:167)
at org.openqa.selenium.remote.codec.w3c.W3CHttpResponseCodec.decode(W3CHttpResponseCodec.java:138)
at org.openqa.selenium.remote.codec.w3c.W3CHttpResponseCodec.decode(W3CHttpResponseCodec.java:50)
at org.openqa.selenium.remote.HttpCommandExecutor.execute(HttpCommandExecutor.java:215)
at org.openqa.selenium.remote.service.DriverCommandExecutor.invokeExecute(DriverCommandExecutor.java:216)
at org.openqa.selenium.remote.service.DriverCommandExecutor.execute(DriverCommandExecutor.java:174)
at org.openqa.selenium.remote.RemoteWebDriver.execute(RemoteWebDriver.java:545)
at org.openqa.selenium.remote.RemoteWebElement.execute(RemoteWebElement.java:223)
at org.openqa.selenium.remote.RemoteWebElement.click(RemoteWebElement.java:76)
at UtilityClasses.DropdownUtils.selectFromComboWithoutSearch(DropdownUtils.java:24)
... 29 more
]]>
    </error>
  </testcase> <!-- InventoryMstFlow -->
</testsuite> <!-- integrationFlowPack.inventoryModuleFlow.TransactionFlow.CompleteInventoryFlow -->
