<?xml version="1.0" encoding="UTF-8"?>
<!-- Generated by org.testng.reporters.JUnitReportReporter -->
<testsuite hostname="lap_dnare" failures="0" tests="5" name="Test.inventoryModuleTests.PurchaseOrderTest" time="25.074" errors="0" timestamp="2025-10-29T18:25:38 IST" skipped="4">
  <testcase classname="Test.inventoryModuleTests.PurchaseOrderTest" name="validateGstCal" time="25.074"/>
  <system-out/>
  <testcase classname="Test.inventoryModuleTests.PurchaseOrderTest" name="validatePoUpdateFun">
    <skipped/>
  </testcase> <!-- validatePoUpdateFun -->
  <system-out/>
  <testcase classname="Test.inventoryModuleTests.PurchaseOrderTest" name="validatePartyCodeForPartyDrop">
    <skipped/>
  </testcase> <!-- validatePartyCodeForPartyDrop -->
  <system-out/>
  <testcase classname="Test.inventoryModuleTests.PurchaseOrderTest" name="validateDeactivityOfOtherFields">
    <skipped/>
  </testcase> <!-- validateDeactivityOfOtherFields -->
  <system-out/>
  <testcase classname="Test.inventoryModuleTests.PurchaseOrderTest" name="validatePurchaseOrderCreation">
    <skipped/>
  </testcase> <!-- validatePurchaseOrderCreation -->
  <system-out/>
</testsuite> <!-- Test.inventoryModuleTests.PurchaseOrderTest -->
