<?xml version="1.0" encoding="UTF-8"?>
<!-- Generated by org.testng.reporters.JUnitReportReporter -->
<testsuite hostname="lap_dnare" failures="0" tests="1" name="Test.inventoryModuleTests.transactionTests.PRNPrintingRepTest" time="5.813" errors="0" timestamp="2026-02-07T14:00:39 IST" skipped="0">
  <testcase classname="Test.inventoryModuleTests.transactionTests.PRNPrintingRepTest" name="executePRNRepFlow" time="5.813"/>
</testsuite> <!-- Test.inventoryModuleTests.transactionTests.PRNPrintingRepTest -->
