<?xml version="1.0" encoding="UTF-8"?>
<!-- Generated by org.testng.reporters.JUnitReportReporter -->
<testsuite hostname="lap_dnare" failures="0" tests="12" name="Test.inventoryModuleTests.transactionTests.GoodReceiptNoteTest" time="29.812" errors="0" timestamp="2026-02-18T20:18:22 IST" skipped="11">
  <testcase classname="Test.inventoryModuleTests.transactionTests.GoodReceiptNoteTest" name="validateGrnFlow" time="29.812"/>
  <testcase classname="Test.inventoryModuleTests.transactionTests.GoodReceiptNoteTest" name="validateGRNNavigation">
    <skipped/>
  </testcase> <!-- validateGRNNavigation -->
  <testcase classname="Test.inventoryModuleTests.transactionTests.GoodReceiptNoteTest" name="validateLandedRateCaculations">
    <skipped/>
  </testcase> <!-- validateLandedRateCaculations -->
  <testcase classname="Test.inventoryModuleTests.transactionTests.GoodReceiptNoteTest" name="validatePoDataInGRNDetailsTab">
    <skipped/>
  </testcase> <!-- validatePoDataInGRNDetailsTab -->
  <testcase classname="Test.inventoryModuleTests.transactionTests.GoodReceiptNoteTest" name="validateBackButtonFuct">
    <skipped/>
  </testcase> <!-- validateBackButtonFuct -->
  <testcase classname="Test.inventoryModuleTests.transactionTests.GoodReceiptNoteTest" name="validateResetButtonFunct">
    <skipped/>
  </testcase> <!-- validateResetButtonFunct -->
  <testcase classname="Test.inventoryModuleTests.transactionTests.GoodReceiptNoteTest" name="validatePoNoAgainstVendor">
    <skipped/>
  </testcase> <!-- validatePoNoAgainstVendor -->
  <testcase classname="Test.inventoryModuleTests.transactionTests.GoodReceiptNoteTest" name="maxLimitForInputFields">
    <skipped/>
  </testcase> <!-- maxLimitForInputFields -->
  <testcase classname="Test.inventoryModuleTests.transactionTests.GoodReceiptNoteTest" name="validateGrnNoCreation">
    <skipped/>
  </testcase> <!-- validateGrnNoCreation -->
  <testcase classname="Test.inventoryModuleTests.transactionTests.GoodReceiptNoteTest" name="validateListingPageHeading">
    <skipped/>
  </testcase> <!-- validateListingPageHeading -->
  <testcase classname="Test.inventoryModuleTests.transactionTests.GoodReceiptNoteTest" name="validateFormLoading">
    <skipped/>
  </testcase> <!-- validateFormLoading -->
  <testcase classname="Test.inventoryModuleTests.transactionTests.GoodReceiptNoteTest" name="validatePoDataInGRNInfoTab">
    <skipped/>
  </testcase> <!-- validatePoDataInGRNInfoTab -->
</testsuite> <!-- Test.inventoryModuleTests.transactionTests.GoodReceiptNoteTest -->
