<?xml version="1.0" encoding="UTF-8"?>
<!-- Generated by org.testng.reporters.JUnitReportReporter -->
<testsuite hostname="lap_dnare" failures="0" tests="10" name="Test.flowWiseTest.InventoryFlowTests" time="101.001" errors="0" timestamp="2026-02-20T10:21:08 IST" skipped="6">
  <testcase classname="Test.flowWiseTest.InventoryFlowTests" name="validatePurchaseOrderCreation" time="40.711"/>
  <testcase classname="Test.flowWiseTest.InventoryFlowTests" name="validateGRNCreation" time="22.352"/>
  <testcase classname="Test.flowWiseTest.InventoryFlowTests" name="validateGRNPosting" time="11.834"/>
  <testcase classname="Test.flowWiseTest.InventoryFlowTests" name="createPurchaseRutNote" time="26.104"/>
  <testcase classname="Test.flowWiseTest.InventoryFlowTests" name="executeFlowOfStockStatusRep">
    <skipped/>
  </testcase> <!-- executeFlowOfStockStatusRep -->
  <testcase classname="Test.flowWiseTest.InventoryFlowTests" name="executeFlowOfPurchaseOrderRep">
    <skipped/>
  </testcase> <!-- executeFlowOfPurchaseOrderRep -->
  <testcase classname="Test.flowWiseTest.InventoryFlowTests" name="validateAccPayableVoucherRep">
    <skipped/>
  </testcase> <!-- validateAccPayableVoucherRep -->
  <testcase classname="Test.flowWiseTest.InventoryFlowTests" name="executeFlowOfPRNPrintingRep">
    <skipped/>
  </testcase> <!-- executeFlowOfPRNPrintingRep -->
  <testcase classname="Test.flowWiseTest.InventoryFlowTests" name="executeFlowOfLedgerPrinting">
    <skipped/>
  </testcase> <!-- executeFlowOfLedgerPrinting -->
  <testcase classname="Test.flowWiseTest.InventoryFlowTests" name="executeFlowOfGRNPrintingRep">
    <skipped/>
  </testcase> <!-- executeFlowOfGRNPrintingRep -->
</testsuite> <!-- Test.flowWiseTest.InventoryFlowTests -->
