<?xml version="1.0" encoding="UTF-8"?>
<!-- Generated by org.testng.reporters.JUnitReportReporter -->
<testsuite hostname="lap_dnare" failures="0" tests="9" name="Test.salesModuleTests.transTest.SalesDispatchTest" time="1.592" errors="0" timestamp="2026-01-22T05:59:35 IST" skipped="8">
  <testcase classname="Test.salesModuleTests.transTest.SalesDispatchTest" name="validateRedColorWhenStockIsZero" time="1.592"/>
  <testcase classname="Test.salesModuleTests.transTest.SalesDispatchTest" name="validateOrangeColorFun">
    <skipped/>
  </testcase> <!-- validateOrangeColorFun -->
  <testcase classname="Test.salesModuleTests.transTest.SalesDispatchTest" name="validateDeleteBtnFun">
    <skipped/>
  </testcase> <!-- validateDeleteBtnFun -->
  <testcase classname="Test.salesModuleTests.transTest.SalesDispatchTest" name="validateDisplayOfCreateSaleDispatchButton">
    <skipped/>
  </testcase> <!-- validateDisplayOfCreateSaleDispatchButton -->
  <testcase classname="Test.salesModuleTests.transTest.SalesDispatchTest" name="validateSaleDispatchFlow">
    <skipped/>
  </testcase> <!-- validateSaleDispatchFlow -->
  <testcase classname="Test.salesModuleTests.transTest.SalesDispatchTest" name="validateStockAvailableForItem">
    <skipped/>
  </testcase> <!-- validateStockAvailableForItem -->
  <testcase classname="Test.salesModuleTests.transTest.SalesDispatchTest" name="validateAsterickMarkDispaly">
    <skipped/>
  </testcase> <!-- validateAsterickMarkDispaly -->
  <testcase classname="Test.salesModuleTests.transTest.SalesDispatchTest" name="ValidateSaleOrderFetchedData">
    <skipped/>
  </testcase> <!-- ValidateSaleOrderFetchedData -->
  <testcase classname="Test.salesModuleTests.transTest.SalesDispatchTest" name="validateResetBtnFun">
    <skipped/>
  </testcase> <!-- validateResetBtnFun -->
</testsuite> <!-- Test.salesModuleTests.transTest.SalesDispatchTest -->
