<?xml version="1.0" encoding="UTF-8"?>
<!-- Generated by org.testng.reporters.JUnitReportReporter -->
<testsuite hostname="lap_dnare" failures="0" tests="10" name="Test.flowWiseTest.InventoryFlowTests" time="74.978" errors="0" timestamp="2026-02-10T17:50:23 IST" skipped="8">
  <testcase classname="Test.flowWiseTest.InventoryFlowTests" name="validatePurchaseOrderCreation" time="53.919"/>
  <testcase classname="Test.flowWiseTest.InventoryFlowTests" name="validateGRNCreation" time="21.059"/>
  <testcase classname="Test.flowWiseTest.InventoryFlowTests" name="validateGRNPosting">
    <skipped/>
  </testcase> <!-- validateGRNPosting -->
  <testcase classname="Test.flowWiseTest.InventoryFlowTests" name="executeFlowOfLedgerPrinting">
    <skipped/>
  </testcase> <!-- executeFlowOfLedgerPrinting -->
  <testcase classname="Test.flowWiseTest.InventoryFlowTests" name="validateAccPayableVoucherRep">
    <skipped/>
  </testcase> <!-- validateAccPayableVoucherRep -->
  <testcase classname="Test.flowWiseTest.InventoryFlowTests" name="executeFlowOfStockStatusRep">
    <skipped/>
  </testcase> <!-- executeFlowOfStockStatusRep -->
  <testcase classname="Test.flowWiseTest.InventoryFlowTests" name="executeFlowOfPurchaseOrderRep">
    <skipped/>
  </testcase> <!-- executeFlowOfPurchaseOrderRep -->
  <testcase classname="Test.flowWiseTest.InventoryFlowTests" name="executeFlowOfGRNPrintingRep">
    <skipped/>
  </testcase> <!-- executeFlowOfGRNPrintingRep -->
  <testcase classname="Test.flowWiseTest.InventoryFlowTests" name="createPurchaseRutNote">
    <skipped/>
  </testcase> <!-- createPurchaseRutNote -->
  <testcase classname="Test.flowWiseTest.InventoryFlowTests" name="executeFlowOfPRNPrintingRep">
    <skipped/>
  </testcase> <!-- executeFlowOfPRNPrintingRep -->
</testsuite> <!-- Test.flowWiseTest.InventoryFlowTests -->
